c:\users\kannj\desktop\プログラム\dteam\es game library 2016\es game library\es game library\debug\es game library.pch
c:\users\kannj\desktop\プログラム\dteam\es game library 2016\es game library\es game library\debug\vc120.pdb
c:\users\kannj\desktop\プログラム\dteam\es game library 2016\es game library\es game library\debug\vc120.idb
c:\users\kannj\desktop\プログラム\dteam\es game library 2016\es game library\es game library\debug\stdafx.obj
c:\users\kannj\desktop\プログラム\dteam\es game library 2016\es game library\es game library\debug\rendertarget.obj
c:\users\kannj\desktop\プログラム\dteam\es game library 2016\es game library\es game library\debug\sprite.obj
c:\users\kannj\desktop\プログラム\dteam\es game library 2016\es game library\es game library\debug\sprite3d.obj
c:\users\kannj\desktop\プログラム\dteam\es game library 2016\es game library\es game library\debug\spritebatch.obj
c:\users\kannj\desktop\プログラム\dteam\es game library 2016\es game library\es game library\debug\stateblock.obj
c:\users\kannj\desktop\プログラム\dteam\es game library 2016\es game library\es game library\debug\vertexbuffer.obj
c:\users\kannj\desktop\プログラム\dteam\es game library 2016\es game library\es game library\debug\dinput8.obj
c:\users\kannj\desktop\プログラム\dteam\es game library 2016\es game library\es game library\debug\inputdevice.obj
c:\users\kannj\desktop\プログラム\dteam\es game library 2016\es game library\es game library\debug\inputeffect.obj
c:\users\kannj\desktop\プログラム\dteam\es game library 2016\es game library\es game library\debug\dshow.obj
c:\users\kannj\desktop\プログラム\dteam\es game library 2016\es game library\es game library\debug\media.obj
c:\users\kannj\desktop\プログラム\dteam\es game library 2016\es game library\es game library\debug\fixtimer.obj
c:\users\kannj\desktop\プログラム\dteam\es game library 2016\es game library\es game library\debug\gameapp.obj
c:\users\kannj\desktop\プログラム\dteam\es game library 2016\es game library\es game library\debug\gameframewindow.obj
c:\users\kannj\desktop\プログラム\dteam\es game library 2016\es game library\es game library\debug\gameproc.obj
c:\users\kannj\desktop\プログラム\dteam\es game library 2016\es game library\es game library\debug\network.obj
c:\users\kannj\desktop\プログラム\dteam\es game library 2016\es game library\es game library\debug\random.obj
c:\users\kannj\desktop\プログラム\dteam\es game library 2016\es game library\es game library\debug\singleapp.obj
c:\users\kannj\desktop\プログラム\dteam\es game library 2016\es game library\es game library\debug\stream.obj
c:\users\kannj\desktop\プログラム\dteam\es game library 2016\es game library\es game library\debug\thread.obj
c:\users\kannj\desktop\プログラム\dteam\es game library 2016\es game library\es game library\debug\gamemain.obj
c:\users\kannj\desktop\プログラム\dteam\es game library 2016\es game library\es game library\debug\clearscene.obj
c:\users\kannj\desktop\プログラム\dteam\es game library 2016\es game library\es game library\debug\resultscene.obj
c:\users\kannj\desktop\プログラム\dteam\es game library 2016\es game library\es game library\debug\sceneshared.obj
c:\users\kannj\desktop\プログラム\dteam\es game library 2016\es game library\es game library\debug\selectscene.obj
c:\users\kannj\desktop\プログラム\dteam\es game library 2016\es game library\es game library\debug\titlescene.obj
c:\users\kannj\desktop\プログラム\dteam\es game library 2016\es game library\es game library\debug\winmain.obj
c:\users\kannj\desktop\プログラム\dteam\es game library 2016\es game library\es game library\debug\dxaudio8.obj
c:\users\kannj\desktop\プログラム\dteam\es game library 2016\es game library\es game library\debug\musicsegment.obj
c:\users\kannj\desktop\プログラム\dteam\es game library 2016\es game library\es game library\debug\sound3dbuffer.obj
c:\users\kannj\desktop\プログラム\dteam\es game library 2016\es game library\es game library\debug\soundbuffer.obj
c:\users\kannj\desktop\プログラム\dteam\es game library 2016\es game library\es game library\debug\soundlistener.obj
c:\users\kannj\desktop\プログラム\dteam\es game library 2016\es game library\es game library\debug\comlibrary.obj
c:\users\kannj\desktop\プログラム\dteam\es game library 2016\es game library\es game library\debug\animationmodel.obj
c:\users\kannj\desktop\プログラム\dteam\es game library 2016\es game library\es game library\debug\camera.obj
c:\users\kannj\desktop\プログラム\dteam\es game library 2016\es game library\es game library\debug\dxgfont.obj
c:\users\kannj\desktop\プログラム\dteam\es game library 2016\es game library\es game library\debug\dxgraphics9.obj
c:\users\kannj\desktop\プログラム\dteam\es game library 2016\es game library\es game library\debug\effect.obj
c:\users\kannj\desktop\プログラム\dteam\es game library 2016\es game library\es game library\debug\model.obj
c:\users\kannj\desktop\プログラム\dteam\es game library 2016\es game library\debug\es game library.ilk
c:\users\kannj\desktop\プログラム\dteam\es game library 2016\es game library\debug\es game library.exe
c:\users\kannj\desktop\プログラム\dteam\es game library 2016\es game library\debug\es game library.pdb
c:\users\kannj\desktop\プログラム\dteam\es game library 2016\es game library\es game library\debug\resource.res
c:\users\kannj\desktop\プログラム\dteam\es game library 2016\es game library\es game library\debug\es game library.tlog\cl.command.1.tlog
c:\users\kannj\desktop\プログラム\dteam\es game library 2016\es game library\es game library\debug\es game library.tlog\cl.read.1.tlog
c:\users\kannj\desktop\プログラム\dteam\es game library 2016\es game library\es game library\debug\es game library.tlog\cl.write.1.tlog
c:\users\kannj\desktop\プログラム\dteam\es game library 2016\es game library\es game library\debug\es game library.tlog\link.command.1.tlog
c:\users\kannj\desktop\プログラム\dteam\es game library 2016\es game library\es game library\debug\es game library.tlog\link.read.1.tlog
c:\users\kannj\desktop\プログラム\dteam\es game library 2016\es game library\es game library\debug\es game library.tlog\link.write.1.tlog
c:\users\kannj\desktop\プログラム\dteam\es game library 2016\es game library\es game library\debug\es game library.tlog\rc.command.1.tlog
c:\users\kannj\desktop\プログラム\dteam\es game library 2016\es game library\es game library\debug\es game library.tlog\rc.read.1.tlog
c:\users\kannj\desktop\プログラム\dteam\es game library 2016\es game library\es game library\debug\es game library.tlog\rc.write.1.tlog
